<?xml version="1.0" encoding="UTF-8"?>
<!-- Generated by org.testng.reporters.JUnitReportReporter -->
<testsuite hostname="ACER" failures="0" tests="1" name="Assertions.assertion2" time="0.013" errors="0" timestamp="2025-03-29T00:09:48 IST" skipped="0">
  <testcase classname="Assertions.assertion2" name="Assertions" time="0.013"/>
</testsuite> <!-- Assertions.assertion2 -->
