<?xml version="1.0" encoding="UTF-8"?>
<!-- Generated by org.testng.reporters.JUnitReportReporter -->
<testsuite hostname="ACER" failures="0" tests="1" name="TestNGframe3.Test1" time="0.008" errors="0" timestamp="2025-03-28T23:08:08 IST" skipped="0">
  <testcase classname="TestNGframe3.Test1" name="login" time="0.008"/>
</testsuite> <!-- TestNGframe3.Test1 -->
