<?xml version="1.0" encoding="UTF-8"?>
<!-- Generated by org.testng.reporters.JUnitReportReporter -->
<testsuite hostname="ACER" failures="0" tests="1" name="TestNGframe3.Test2" time="0.001" errors="0" timestamp="2025-03-28T23:08:08 IST" skipped="0">
  <testcase classname="TestNGframe3.Test2" name="firstlogin" time="0.001"/>
</testsuite> <!-- TestNGframe3.Test2 -->
