<?xml version="1.0" encoding="UTF-8"?>
<!-- Generated by org.testng.reporters.JUnitReportReporter -->
<testsuite hostname="ACER" failures="0" tests="3" name="TestNGgroups.TNGgroups" time="0.010" errors="0" timestamp="2025-03-30T23:02:29 IST" skipped="0">
  <testcase classname="TestNGgroups.TNGgroups" name="login" time="0.007"/>
  <testcase classname="TestNGgroups.TNGgroups" name="search" time="0.001"/>
  <testcase classname="TestNGgroups.TNGgroups" name="advsearch" time="0.002"/>
</testsuite> <!-- TestNGgroups.TNGgroups -->
