<?xml version="1.0" encoding="UTF-8"?>
<!-- Generated by org.testng.reporters.JUnitReportReporter -->
<testsuite hostname="ACER" failures="0" tests="2" name="TestNGframe2.Annotationsdemo1" time="0.020" errors="0" timestamp="2025-03-28T22:37:33 IST" skipped="0">
  <testcase classname="TestNGframe2.Annotationsdemo1" name="search" time="0.017"/>
  <testcase classname="TestNGframe2.Annotationsdemo1" name="advsearch" time="0.003"/>
</testsuite> <!-- TestNGframe2.Annotationsdemo1 -->
