<?xml version="1.0" encoding="UTF-8"?>
<!-- Generated by org.testng.reporters.JUnitReportReporter -->
<testsuite hostname="ACER" failures="0" tests="2" name="TestNGframe2.AnnotationsDemo2" time="0.010" errors="0" timestamp="2025-03-28T22:46:34 IST" skipped="0">
  <testcase classname="TestNGframe2.AnnotationsDemo2" name="search" time="0.007"/>
  <testcase classname="TestNGframe2.AnnotationsDemo2" name="advsearch" time="0.003"/>
</testsuite> <!-- TestNGframe2.AnnotationsDemo2 -->
