<?xml version="1.0" encoding="UTF-8"?>
<!-- Generated by org.testng.reporters.JUnitReportReporter -->
<testsuite hostname="ACER" failures="0" tests="2" name="TestNGframe3.AllAnnotations" time="0.021" errors="0" timestamp="2025-03-28T23:50:29 IST" skipped="0">
  <testcase classname="TestNGframe3.AllAnnotations" name="search" time="0.005"/>
  <testcase classname="TestNGframe3.AllAnnotations" name="login" time="0.016"/>
</testsuite> <!-- TestNGframe3.AllAnnotations -->
