<?xml version="1.0" encoding="UTF-8"?>
<!-- Generated by org.testng.reporters.JUnitReportReporter -->
<testsuite hostname="ACER" failures="0" tests="3" name="TestNGframework.TestNGdriver" time="7.413" errors="0" timestamp="2025-03-26T23:17:33 IST" skipped="0">
  <testcase classname="TestNGframework.TestNGdriver" name="get" time="4.860"/>
  <testcase classname="TestNGframework.TestNGdriver" name="login" time="0.587"/>
  <testcase classname="TestNGframework.TestNGdriver" name="logo" time="1.966"/>
</testsuite> <!-- TestNGframework.TestNGdriver -->
