<?xml version="1.0" encoding="UTF-8"?>
<!-- Generated by org.testng.reporters.JUnitReportReporter -->
<testsuite hostname="ACER" failures="0" tests="2" name="DataProvider.Paralleltesting" time="1.714" errors="0" timestamp="2025-04-01T23:28:42 IST" skipped="0">
  <testcase classname="DataProvider.Paralleltesting" name="login" time="0.312"/>
  <testcase classname="DataProvider.Paralleltesting" name="login" time="1.402"/>
</testsuite> <!-- DataProvider.Paralleltesting -->
