<?xml version="1.0" encoding="UTF-8"?>
<!-- Generated by org.testng.reporters.JUnitReportReporter -->
<testsuite hostname="ACER" failures="0" tests="3" name="TestNGframework.TestNGfirst" time="0.005" errors="0" timestamp="2025-03-26T23:17:34 IST" skipped="0">
  <testcase classname="TestNGframework.TestNGfirst" name="login" time="0.002"/>
  <testcase classname="TestNGframework.TestNGfirst" name="logout" time="0.001"/>
  <testcase classname="TestNGframework.TestNGfirst" name="open" time="0.002"/>
</testsuite> <!-- TestNGframework.TestNGfirst -->
