<?xml version="1.0" encoding="UTF-8"?>
<!-- Generated by org.testng.reporters.JUnitReportReporter -->
<testsuite hostname="ACER" failures="0" tests="4" name="TestNGframework4.Dependsonmethods" time="0.023" errors="0" timestamp="2025-03-30T22:33:46 IST" skipped="0">
  <testcase classname="TestNGframework4.Dependsonmethods" name="login" time="0.018"/>
  <testcase classname="TestNGframework4.Dependsonmethods" name="search" time="0.001"/>
  <testcase classname="TestNGframework4.Dependsonmethods" name="advsearch" time="0.001"/>
  <testcase classname="TestNGframework4.Dependsonmethods" name="logout" time="0.003"/>
</testsuite> <!-- TestNGframework4.Dependsonmethods -->
