<?xml version="1.0" encoding="UTF-8"?>
<!-- Generated by org.testng.reporters.JUnitReportReporter -->
<testsuite hostname="ACER" failures="0" tests="2" name="TestNGgroups.TNGgroups3" time="0.015" errors="0" timestamp="2025-03-31T23:43:54 IST" skipped="0">
  <testcase classname="TestNGgroups.TNGgroups3" name="groups3" time="0.013"/>
  <testcase classname="TestNGgroups.TNGgroups3" name="groups33" time="0.002"/>
</testsuite> <!-- TestNGgroups.TNGgroups3 -->
