<?xml version="1.0" encoding="UTF-8"?>
<!-- Generated by org.testng.reporters.JUnitReportReporter -->
<testsuite hostname="ACER" failures="0" tests="1" name="TestNGgroups.TNGgroups2" time="0.001" errors="0" timestamp="2025-03-30T23:02:29 IST" skipped="0">
  <testcase classname="TestNGgroups.TNGgroups2" name="group22" time="0.001"/>
</testsuite> <!-- TestNGgroups.TNGgroups2 -->
